[15:34:22] [ServerMain/INFO]: Building unoptimized datafixer
[15:34:23] [ServerMain/INFO]: Environment: authHost='https://authserver.mojang.com', accountsHost='https://api.mojang.com', sessionHost='https://sessionserver.mojang.com', servicesHost='https://api.minecraftservices.com', name='PROD'
[15:34:24] [ServerMain/INFO]: Loaded 7 recipes
[15:34:24] [Server thread/INFO]: Starting minecraft server version 1.19.1
[15:34:24] [Server thread/INFO]: Loading properties
[15:34:24] [Server thread/INFO]: This server is running Paper version git-Paper-111 (MC: 1.19.1) (Implementing API version 1.19.1-R0.1-SNAPSHOT) (Git: 02831e3)
[15:34:24] [Server thread/INFO]: Server Ping Player Sample Count: 12
[15:34:24] [Server thread/INFO]: Using 4 threads for Netty based IO
[15:34:25] [Server thread/INFO]: Default game type: SURVIVAL
[15:34:25] [Server thread/INFO]: Generating keypair
[15:34:25] [Server thread/INFO]: Starting Minecraft server on *:25565
[15:34:25] [Server thread/INFO]: Using epoll channel type
[15:34:25] [Server thread/INFO]: Paper: Using libdeflate (Linux x86_64) compression from Velocity.
[15:34:25] [Server thread/INFO]: Paper: Using OpenSSL 1.1.x (Linux x86_64) cipher from Velocity.
[15:34:25] [Server thread/INFO]: Server permissions file permissions.yml is empty, ignoring it
[15:34:25] [Server thread/WARN]: **** SERVER IS RUNNING IN OFFLINE/INSECURE MODE!
[15:34:25] [Server thread/WARN]: The server will make no attempt to authenticate usernames. Beware.
[15:34:25] [Server thread/WARN]: While this makes the game possible to play without internet access, it also opens up the ability for hackers to connect with any username they choose.
[15:34:25] [Server thread/WARN]: To change this, set "online-mode" to "true" in the server.properties file.
[15:34:25] [Server thread/INFO]: Preparing level "world"
[15:34:25] [Server thread/INFO]: Preparing start region for dimension minecraft:overworld
[15:34:26] [Server thread/INFO]: Time elapsed: 235 ms
[15:34:26] [Server thread/INFO]: Preparing start region for dimension minecraft:the_nether
[15:34:26] [Server thread/INFO]: Time elapsed: 124 ms
[15:34:26] [Server thread/INFO]: Preparing start region for dimension minecraft:the_end
[15:34:26] [Server thread/INFO]: Time elapsed: 103 ms
[15:34:26] [Server thread/INFO]: Running delayed init tasks
[15:34:26] [Server thread/INFO]: Done (1.677s)! For help, type "help"
[15:34:26] [Server thread/INFO]: Timings Reset
[15:37:31] [User Authenticator #1/INFO]: UUID of player medunax is e09efd7f-dc3e-3f28-89e0-5f1e2696181c
[15:37:31] [Server thread/INFO]: medunax joined the game
[15:37:31] [Server thread/INFO]: medunax[/127.0.0.1:54564] logged in with entity id 97 at ([world]-307.1721642487474, 65.0, -127.69999998807907)
[16:45:42] [Server thread/INFO]: medunax lost connection: Disconnected
[16:45:42] [Server thread/INFO]: medunax left the game
[18:53:54] [Server thread/INFO]: Stopping server
[18:53:54] [Server thread/INFO]: Saving players
[18:53:55] [Server thread/INFO]: Saving worlds
[18:53:55] [Server thread/INFO]: Saving chunks for level 'ServerLevel[world]'/minecraft:overworld
[18:53:56] [Server thread/INFO]: Saving chunks for level 'ServerLevel[world_nether]'/minecraft:the_nether
[18:53:56] [Server thread/INFO]: Saving chunks for level 'ServerLevel[world_the_end]'/minecraft:the_end
[18:53:56] [Server thread/INFO]: ThreadedAnvilChunkStorage (world): All chunks are saved
[18:53:56] [Server thread/INFO]: ThreadedAnvilChunkStorage (DIM-1): All chunks are saved
[18:53:56] [Server thread/INFO]: ThreadedAnvilChunkStorage (DIM1): All chunks are saved
[18:53:56] [Server thread/INFO]: ThreadedAnvilChunkStorage: All dimensions are saved
[18:53:56] [Server thread/INFO]: Flushing Chunk IO
[18:53:56] [Server thread/INFO]: Closing Thread Pool
[18:53:56] [Server thread/INFO]: Closing Server
