[00:11:00] [Server thread/INFO]: Luccabezerro has made the advancement [Hot Stuff]
[00:16:55] [Server thread/INFO]: Gave 1 [Netherite Axe] to worgho2
[00:17:34] [Server thread/INFO]: worgho2 has completed the challenge [Serious Dedication]
[00:17:34] [Server thread/INFO]: Gave 1 [Netherite Hoe] to worgho2
[00:18:10] [Server thread/INFO]: Gave 1 [Netherite Pickaxe] to worgho2
[00:18:33] [Server thread/INFO]: Gave 1 [Netherite Shovel] to worgho2
[00:20:49] [Server thread/INFO]: Gave 2 [Netherite Sword] to worgho2
[00:22:54] [Server thread/INFO]: Gave 1 [Trident] to worgho2
[00:36:52] [Server thread/INFO]: Luccabezerro has made the advancement [Ice Bucket Challenge]
[00:37:40] [Server thread/INFO]: Teleported Luccabezerro to worgho2
[00:40:54] [Server thread/INFO]: worgho2 was burnt to a crisp whilst fighting Luccabezerro
[00:41:08] [Server thread/INFO]: Teleported worgho2 to Luccabezerro
[00:43:05] [Server thread/INFO]: Gave 1 [Netherite Pickaxe] to Luccabezerro
[00:45:48] [Async Chat Thread - #0/INFO]: [Not Secure] <Luccabezerro> Keepinventory true
[00:45:55] [Server thread/INFO]: Gamerule keepInventory is now set to: true
[00:45:58] [Async Chat Thread - #0/INFO]: [Not Secure] <Luccabezerro> gamerule keepinventory true
[00:46:20] [Server thread/INFO]: worgho2 was slain by Luccabezerro
[00:46:45] [Server thread/INFO]: Teleported worgho2 to Luccabezerro
[00:48:00] [Server thread/INFO]: Luccabezerro has made the advancement [We Need to Go Deeper]
[00:50:43] [Server thread/INFO]: Gave 64 [Oak Wood] to worgho2
[00:52:12] [Server thread/INFO]: Gave 64 [Coal] to worgho2
[00:56:45] [Server thread/INFO]: Gave 1 [Netherite Helmet] to 2
[00:57:47] [Server thread/INFO]: Gave 1 [Netherite Chestplate] to 2
[00:58:23] [Server thread/INFO]: Gave 1 [Netherite Leggings] to 2
